16:52:12.325 INFO [GridLauncherV3.parse] - Selenium server version: 3.141.59, revision: e82be7d358
16:52:12.480 INFO [GridLauncherV3.lambda$buildLaunchers$3] - Launching a standalone Selenium Server on port 4444
2020-10-20 16:52:12.909:INFO::main: Logging initialized @2432ms to org.seleniumhq.jetty9.util.log.StdErrLog
16:52:13.939 INFO [WebDriverServlet.<init>] - Initialising WebDriverServlet
16:52:14.146 INFO [SeleniumServer.boot] - Selenium Server is up and running on port 4444
16:52:14.822 INFO [ActiveSessionFactory.apply] - Capabilities are: {
  "browserName": "chrome",
  "chromeOptions": {
    "w3c": false
  },
  "name": "Test"
}
16:52:14.825 INFO [ActiveSessionFactory.lambda$apply$11] - Matched factory org.openqa.selenium.grid.session.remote.ServicedSession$Factory (provider: org.openqa.selenium.chrome.ChromeDriverService)
Starting ChromeDriver 86.0.4240.22 (398b0743353ff36fb1b82468f63a3a93b4e2e89e-refs/branch-heads/4240@{#378}) on port 42262
Only local connections are allowed.
Please see https://chromedriver.chromium.org/security-considerations for suggestions on keeping ChromeDriver safe.
ChromeDriver was started successfully.
16:52:17.916 INFO [ProtocolHandshake.createSession] - Detected dialect: OSS
16:52:18.332 INFO [RemoteSession$Factory.lambda$performHandshake$0] - Started new session c0f896db367be655a12c8c9b3289b36a (org.openqa.selenium.chrome.ChromeDriverService)
16:52:36.338 INFO [ActiveSessions$1.onStop] - Removing session c0f896db367be655a12c8c9b3289b36a (org.openqa.selenium.chrome.ChromeDriverService)
16:52:36.356 INFO [ActiveSessionFactory.apply] - Capabilities are: {
  "browserName": "chrome",
  "chromeOptions": {
    "w3c": false
  },
  "name": "Test"
}
16:52:36.357 INFO [ActiveSessionFactory.lambda$apply$11] - Matched factory org.openqa.selenium.grid.session.remote.ServicedSession$Factory (provider: org.openqa.selenium.chrome.ChromeDriverService)
Starting ChromeDriver 86.0.4240.22 (398b0743353ff36fb1b82468f63a3a93b4e2e89e-refs/branch-heads/4240@{#378}) on port 48290
Only local connections are allowed.
Please see https://chromedriver.chromium.org/security-considerations for suggestions on keeping ChromeDriver safe.
ChromeDriver was started successfully.
16:52:38.792 INFO [ProtocolHandshake.createSession] - Detected dialect: OSS
16:52:38.846 INFO [RemoteSession$Factory.lambda$performHandshake$0] - Started new session 7c38fef1c62d058a88d5129e7dd1ecc5 (org.openqa.selenium.chrome.ChromeDriverService)
16:52:56.643 INFO [ActiveSessions$1.onStop] - Removing session 7c38fef1c62d058a88d5129e7dd1ecc5 (org.openqa.selenium.chrome.ChromeDriverService)
